A51 MACRO ASSEMBLER  Q2                                                                   09/21/2021 15:44:24 PAGE     1


MACRO ASSEMBLER A51 V8.02b
OBJECT MODULE PLACED IN .\Objects\Q2.obj
ASSEMBLER INVOKED BY: C:\Keil_v5\C51\BIN\A51.EXE Q2.ASM SET(SMALL) DEBUG PRINT(.\Listings\Q2.lst) OBJECT(.\Objects\Q2.ob
                      j) EP

LOC  OBJ            LINE     SOURCE

0000                   1     ORG 0000H
0000 8000              2             SJMP MAIN
0002 E534              3             MAIN: MOV A, 34H
0004 2535              4     ADD A, 35H
0006 F536              5     MOV 36H, A
0008 3400              6     ADDC A, #00H
000A F537              7     MOV 37H, A
                       8     END
A51 MACRO ASSEMBLER  Q2                                                                   09/21/2021 15:44:24 PAGE     2

SYMBOL TABLE LISTING
------ ----- -------


N A M E             T Y P E  V A L U E   ATTRIBUTES

MAIN . . . . . . .  C ADDR   0002H   A   


REGISTER BANK(S) USED: 0 


ASSEMBLY COMPLETE.  0 WARNING(S), 0 ERROR(S)
