A51 MACRO ASSEMBLER  Q1                                                                   10/05/2021 14:11:47 PAGE     1


MACRO ASSEMBLER A51 V8.02b
OBJECT MODULE PLACED IN .\Objects\Q1.obj
ASSEMBLER INVOKED BY: C:\Keil_v5\C51\BIN\A51.EXE Q1.asm SET(SMALL) DEBUG PRINT(.\Listings\Q1.lst) OBJECT(.\Objects\Q1.ob
                      j) EP

LOC  OBJ            LINE     SOURCE

0000                   1     ORG 0000H
0000 8000              2             SJMP MAIN
0002 EF                3             MAIN: MOV A, R7
0003 54F0              4     ANL A, #0F0H
0005 FE                5     MOV R6, A
0006 C4                6     SWAP A
0007 4E                7     ORL A, R6
0008 FE                8     MOV R6, A
                       9     END
A51 MACRO ASSEMBLER  Q1                                                                   10/05/2021 14:11:47 PAGE     2

SYMBOL TABLE LISTING
------ ----- -------


N A M E             T Y P E  V A L U E   ATTRIBUTES

MAIN . . . . . . .  C ADDR   0002H   A   


REGISTER BANK(S) USED: 0 


ASSEMBLY COMPLETE.  0 WARNING(S), 0 ERROR(S)
