A51 MACRO ASSEMBLER  Q3                                                                   09/28/2021 15:36:21 PAGE     1


MACRO ASSEMBLER A51 V8.02b
OBJECT MODULE PLACED IN .\Objects\Q3.obj
ASSEMBLER INVOKED BY: C:\Keil_v5\C51\BIN\A51.EXE Q3.asm SET(SMALL) DEBUG PRINT(.\Listings\Q3.lst) OBJECT(.\Objects\Q3.ob
                      j) EP

LOC  OBJ            LINE     SOURCE

0000                   1     ORG 0000H
0000 8000              2             SJMP MAIN
0002 90FF00            3             MAIN: MOV DPTR, #0FF00H
0005 E0                4     Movx A, @dptr
0006 A8FF              5     Mov R0, 0FFH
0008 F5FF              6     Mov 0FFH, A
000A E8                7     Mov A, R0
000B F0                8     Movx @DPTR, A
                       9     END
A51 MACRO ASSEMBLER  Q3                                                                   09/28/2021 15:36:21 PAGE     2

SYMBOL TABLE LISTING
------ ----- -------


N A M E             T Y P E  V A L U E   ATTRIBUTES

MAIN . . . . . . .  C ADDR   0002H   A   


REGISTER BANK(S) USED: 0 


ASSEMBLY COMPLETE.  0 WARNING(S), 0 ERROR(S)
